[debug] [2023-08-19T23:30:04.106Z] ----------------------------------------------------------------------
[debug] [2023-08-19T23:30:04.109Z] Command:       C:\Program Files\nodejs\node.exe C:\Program Files\nodejs\node_modules\firebase-tools\lib\bin\firebase.js init
[debug] [2023-08-19T23:30:04.109Z] CLI Version:   12.4.8
[debug] [2023-08-19T23:30:04.109Z] Platform:      win32
[debug] [2023-08-19T23:30:04.110Z] Node Version:  v18.13.0
[debug] [2023-08-19T23:30:04.111Z] Time:          Sat Aug 19 2023 18:30:04 GMT-0500 (hora estándar de Colombia)
[debug] [2023-08-19T23:30:04.112Z] ----------------------------------------------------------------------
[debug] 
[debug] [2023-08-19T23:30:04.140Z] > command requires scopes: ["email","openid","https://www.googleapis.com/auth/cloudplatformprojects.readonly","https://www.googleapis.com/auth/firebase","https://www.googleapis.com/auth/cloud-platform"]
[debug] [2023-08-19T23:30:04.141Z] > authorizing via signed-in user (dilangvidal@gmail.com)
[info] 
     ######## #### ########  ######## ########     ###     ######  ########
     ##        ##  ##     ## ##       ##     ##  ##   ##  ##       ##
     ######    ##  ########  ######   ########  #########  ######  ######
     ##        ##  ##    ##  ##       ##     ## ##     ##       ## ##
     ##       #### ##     ## ######## ########  ##     ##  ######  ########

You're about to initialize a Firebase project in this directory:

  C:\Projects\Portfolio

Before we get started, keep in mind:

  * You are currently outside your home directory

